/home/exouser/YuZheng/experiments/autoencoder_kl_gan/world_size1-hmdb_autoencoder
load yaml from config
Launching processes...
2025-02-06 03:07:38,753 train INFO: Building config ...
2025-02-06 03:07:38,753 train INFO: Building dataloaders ...
Traceback (most recent call last):
  File "/home/exouser/YuZheng/train.py", line 179, in <module>
    main(args)
  File "/home/exouser/YuZheng/train.py", line 153, in main
    subprocess_fn(args)
  File "/home/exouser/YuZheng/train.py", line 27, in subprocess_fn
    train_dataloader = builder.get_dataloader(split = 'train')
  File "/home/exouser/YuZheng/utils/builder.py", line 202, in get_dataloader
    dataset = self.get_dataset(dataset_params, split)
  File "/home/exouser/YuZheng/utils/builder.py", line 120, in get_dataset
    dataset = HMDBFrame(**dataset_params)
  File "/home/exouser/YuZheng/datasets/hmdb.py", line 31, in __init__
    self.samples, self.labels = load_txt_file(split_file_name)
  File "/home/exouser/YuZheng/datasets/hmdb.py", line 7, in load_txt_file
    with open(file_path, 'r') as file:
FileNotFoundError: [Errno 2] No such file or directory: 'splits/HMDB_train_near_ood.txt'
